/home/ubuntu/docker/run.sh 
--name "" 
--network host 
--image video-analytics-serving-gstreamer 
-v /home/ubuntu/.Xauthority:/home/video-analytics-serving/.Xauthority 
-v /home/ubuntu/samples/textile_defect_classifier:/home/video-analytics-serving/samples/textile_detect_classifier 
-v /home/ubuntu/samples/textile_defect_classifier/frame_store:/home/ubuntu/samples/textile_defect_classifier/frame_store 

-e DISPLAY 
--entrypoint python3 
--entrypoint-args /home/video-analytics-serving/samples/textile_detect_classifier/mqtt_client.py 
--broker-address localhost 
--broker-port 1883 
--topic vaserving 
--frame-store-template /home/ubuntu/samples/textile_defect_classifier/frame_store/%08d.jpg 
--defect missing_pick





docker run -it --rm 
-e DISPLAY 
-v /home/ubuntu/.Xauthority:/home/video-analytics-serving/.Xauthority 
-v /home/ubuntu/vas/video-analytics-serving/samples/textile_defect_classifier:/home/video-analytics-serving/samples/textile_detect_classifier 
-v /home/ubuntu/vas/video-analytics-serving/frame_store:/home/ubuntu/vas/video-analytics-serving/frame_store -v /var/tmp:/var/tmp 
--device /dev/ion 
--network host 
-p 8080:8080 
--entrypoint python3 
--name  
--user 1000 
--group-add audio 
--group-add users 
video-analytics-serving-gstreamer 
/home/video-analytics-serving/samples/textile_detect_classifier/mqtt_client.py 
--broker-address localhost 
--broker-port 1883 
--topic vaserving 
--frame-store-template /home/ubuntu/vas/video-analytics-serving/frame_store/%08d.jpg 
--defect missing_pick



{
	'pipeline': 'object_classification/textile_defect', 
	'uri': 'file:///home/video-analytics-serving/data/textile.mp4', 
	'destination': {
		'type': 'mqtt', 
		'host': 'localhost:1883', 
		'topic': 'vaserving'
	}, 
	'parameters': {
		'file-location': '/home/ubuntu/vas/video-analytics-serving/frame_store/%08d.jpg'
	}
}

POST http://localhost:8080/pipelines/object_classification/textile_defect
Body:{
	'source': {
		'uri': 'file:///home/video-analytics-serving/data/textile.mp4', 
		'type': 'uri'
	}, 
	'destination': {
			'metadata': {'type': 'mqtt', 
			'path': '/tmp/results.jsonl', 
			'format': 'json-lines', 
			'host': 'localhost:1883', 
			'topic': 'vaserving'
		}
	}, 
	'parameters': {
		'file-location': '/home/ubuntu/vas/video-analytics-serving/frame_store/%08d.jpg'
	}
}